Compiling the C compiler identification source file "CMakeCCompilerId.c" failed.
Compiler: /usr/bin/c99-gcc 
Build flags: 
Id flags:  

The output was:
No such file or directory


Compiling the C compiler identification source file "CMakeCCompilerId.c" failed.
Compiler: /usr/bin/c99-gcc 
Build flags: 
Id flags: -c 

The output was:
No such file or directory


Compiling the C compiler identification source file "CMakeCCompilerId.c" failed.
Compiler: /usr/bin/c99-gcc 
Build flags: 
Id flags: -Aa 

The output was:
No such file or directory


Compiling the C compiler identification source file "CMakeCCompilerId.c" failed.
Compiler: /usr/bin/c99-gcc 
Build flags: 
Id flags: -D__CLASSIC_C__ 

The output was:
No such file or directory


Compiling the C compiler identification source file "CMakeCCompilerId.c" failed.
Compiler: /usr/bin/c99-gcc 
Build flags: 
Id flags:  

The output was:
No such file or directory


Compiling the C compiler identification source file "CMakeCCompilerId.c" failed.
Compiler: /usr/bin/c99-gcc 
Build flags: 
Id flags: -c 

The output was:
No such file or directory


Compiling the C compiler identification source file "CMakeCCompilerId.c" failed.
Compiler: /usr/bin/c99-gcc 
Build flags: 
Id flags: -Aa 

The output was:
No such file or directory


Compiling the C compiler identification source file "CMakeCCompilerId.c" failed.
Compiler: /usr/bin/c99-gcc 
Build flags: 
Id flags: -D__CLASSIC_C__ 

The output was:
No such file or directory


Checking whether the C compiler is IAR using "" did not match "IAR .+ Compiler":
Checking whether the C compiler is IAR using "" did not match "IAR .+ Compiler":
Compiling the CXX compiler identification source file "CMakeCXXCompilerId.cpp" failed.
Compiler: /usr/bin/c++ 
Build flags: 
Id flags:  

The output was:
No such file or directory


Compiling the CXX compiler identification source file "CMakeCXXCompilerId.cpp" failed.
Compiler: /usr/bin/c++ 
Build flags: 
Id flags: -c 

The output was:
No such file or directory


Compiling the CXX compiler identification source file "CMakeCXXCompilerId.cpp" failed.
Compiler: /usr/bin/c++ 
Build flags: 
Id flags: --c++ 

The output was:
No such file or directory


Compiling the CXX compiler identification source file "CMakeCXXCompilerId.cpp" failed.
Compiler: /usr/bin/c++ 
Build flags: 
Id flags: --ec++ 

The output was:
No such file or directory


Compiling the CXX compiler identification source file "CMakeCXXCompilerId.cpp" failed.
Compiler: /usr/bin/c++ 
Build flags: 
Id flags:  

The output was:
No such file or directory


Compiling the CXX compiler identification source file "CMakeCXXCompilerId.cpp" failed.
Compiler: /usr/bin/c++ 
Build flags: 
Id flags: -c 

The output was:
No such file or directory


Compiling the CXX compiler identification source file "CMakeCXXCompilerId.cpp" failed.
Compiler: /usr/bin/c++ 
Build flags: 
Id flags: --c++ 

The output was:
No such file or directory


Compiling the CXX compiler identification source file "CMakeCXXCompilerId.cpp" failed.
Compiler: /usr/bin/c++ 
Build flags: 
Id flags: --ec++ 

The output was:
No such file or directory


Checking whether the CXX compiler is IAR using "" did not match "IAR .+ Compiler":
Checking whether the CXX compiler is IAR using "" did not match "IAR .+ Compiler":
Determining if the pthread_create exist failed with the following output:
Change Dir: /home/pi/datastructure/List/build/CMakeFiles/CMakeTmp

Run Build Command:"/usr/bin/make" "cmTC_7b0cf/fast"
/usr/bin/make -f CMakeFiles/cmTC_7b0cf.dir/build.make CMakeFiles/cmTC_7b0cf.dir/build
make[1]: Entering directory '/home/pi/datastructure/List/build/CMakeFiles/CMakeTmp'
Building C object CMakeFiles/cmTC_7b0cf.dir/CheckSymbolExists.c.o
/usr/bin/c99-gcc    -o CMakeFiles/cmTC_7b0cf.dir/CheckSymbolExists.c.o   -c /home/pi/datastructure/List/build/CMakeFiles/CMakeTmp/CheckSymbolExists.c
Linking C executable cmTC_7b0cf
/usr/bin/cmake -E cmake_link_script CMakeFiles/cmTC_7b0cf.dir/link.txt --verbose=1
/usr/bin/c99-gcc      CMakeFiles/cmTC_7b0cf.dir/CheckSymbolExists.c.o  -o cmTC_7b0cf 
/usr/bin/ld: CMakeFiles/cmTC_7b0cf.dir/CheckSymbolExists.c.o: in function `main':
CheckSymbolExists.c:(.text+0x38): undefined reference to `pthread_create'
collect2: error: ld returned 1 exit status
make[1]: *** [CMakeFiles/cmTC_7b0cf.dir/build.make:87: cmTC_7b0cf] Error 1
make[1]: Leaving directory '/home/pi/datastructure/List/build/CMakeFiles/CMakeTmp'
make: *** [Makefile:121: cmTC_7b0cf/fast] Error 2

File /home/pi/datastructure/List/build/CMakeFiles/CMakeTmp/CheckSymbolExists.c:
/* */
#include <pthread.h>

int main(int argc, char** argv)
{
  (void)argv;
#ifndef pthread_create
  return ((int*)(&pthread_create))[argc];
#else
  (void)argc;
  return 0;
#endif
}

Determining if the function pthread_create exists in the pthreads failed with the following output:
Change Dir: /home/pi/datastructure/List/build/CMakeFiles/CMakeTmp

Run Build Command:"/usr/bin/make" "cmTC_0215c/fast"
/usr/bin/make -f CMakeFiles/cmTC_0215c.dir/build.make CMakeFiles/cmTC_0215c.dir/build
make[1]: Entering directory '/home/pi/datastructure/List/build/CMakeFiles/CMakeTmp'
Building C object CMakeFiles/cmTC_0215c.dir/CheckFunctionExists.c.o
/usr/bin/c99-gcc   -DCHECK_FUNCTION_EXISTS=pthread_create   -o CMakeFiles/cmTC_0215c.dir/CheckFunctionExists.c.o   -c /usr/share/cmake-3.13/Modules/CheckFunctionExists.c
Linking C executable cmTC_0215c
/usr/bin/cmake -E cmake_link_script CMakeFiles/cmTC_0215c.dir/link.txt --verbose=1
/usr/bin/c99-gcc  -DCHECK_FUNCTION_EXISTS=pthread_create    CMakeFiles/cmTC_0215c.dir/CheckFunctionExists.c.o  -o cmTC_0215c -lpthreads 
/usr/bin/ld: cannot find -lpthreads
collect2: error: ld returned 1 exit status
make[1]: *** [CMakeFiles/cmTC_0215c.dir/build.make:87: cmTC_0215c] Error 1
make[1]: Leaving directory '/home/pi/datastructure/List/build/CMakeFiles/CMakeTmp'
make: *** [Makefile:121: cmTC_0215c/fast] Error 2


