The system is: Linux - sh: 0: getcwd() failed: No such file or directory
4.19.75-v7+ - sh: 0: getcwd() failed: No such file or directory
armv7l
Determining if the C compiler works passed with the following output:
Change Dir: /home/pi/datastructure/List/build/CMakeFiles/CMakeTmp

Run Build Command:"/usr/bin/make" "cmTC_cd170/fast"
/usr/bin/make -f CMakeFiles/cmTC_cd170.dir/build.make CMakeFiles/cmTC_cd170.dir/build
make[1]: Entering directory '/home/pi/datastructure/List/build/CMakeFiles/CMakeTmp'
Building C object CMakeFiles/cmTC_cd170.dir/testCCompiler.c.o
/usr/bin/c99-gcc    -o CMakeFiles/cmTC_cd170.dir/testCCompiler.c.o   -c /home/pi/datastructure/List/build/CMakeFiles/CMakeTmp/testCCompiler.c
Linking C executable cmTC_cd170
/usr/bin/cmake -E cmake_link_script CMakeFiles/cmTC_cd170.dir/link.txt --verbose=1
/usr/bin/c99-gcc      CMakeFiles/cmTC_cd170.dir/testCCompiler.c.o  -o cmTC_cd170 
make[1]: Leaving directory '/home/pi/datastructure/List/build/CMakeFiles/CMakeTmp'


Detecting C compiler ABI info compiled with the following output:
Change Dir: /home/pi/datastructure/List/build/CMakeFiles/CMakeTmp

Run Build Command:"/usr/bin/make" "cmTC_305d6/fast"
/usr/bin/make -f CMakeFiles/cmTC_305d6.dir/build.make CMakeFiles/cmTC_305d6.dir/build
make[1]: Entering directory '/home/pi/datastructure/List/build/CMakeFiles/CMakeTmp'
Building C object CMakeFiles/cmTC_305d6.dir/CMakeCCompilerABI.c.o
/usr/bin/c99-gcc    -o CMakeFiles/cmTC_305d6.dir/CMakeCCompilerABI.c.o   -c /usr/share/cmake-3.13/Modules/CMakeCCompilerABI.c
Linking C executable cmTC_305d6
/usr/bin/cmake -E cmake_link_script CMakeFiles/cmTC_305d6.dir/link.txt --verbose=1
/usr/bin/c99-gcc      CMakeFiles/cmTC_305d6.dir/CMakeCCompilerABI.c.o  -o cmTC_305d6 
make[1]: Leaving directory '/home/pi/datastructure/List/build/CMakeFiles/CMakeTmp'


Determining if the CXX compiler works passed with the following output:
Change Dir: /home/pi/datastructure/List/build/CMakeFiles/CMakeTmp

Run Build Command:"/usr/bin/make" "cmTC_c797a/fast"
/usr/bin/make -f CMakeFiles/cmTC_c797a.dir/build.make CMakeFiles/cmTC_c797a.dir/build
make[1]: Entering directory '/home/pi/datastructure/List/build/CMakeFiles/CMakeTmp'
Building CXX object CMakeFiles/cmTC_c797a.dir/testCXXCompiler.cxx.o
/usr/bin/c++     -o CMakeFiles/cmTC_c797a.dir/testCXXCompiler.cxx.o -c /home/pi/datastructure/List/build/CMakeFiles/CMakeTmp/testCXXCompiler.cxx
Linking CXX executable cmTC_c797a
/usr/bin/cmake -E cmake_link_script CMakeFiles/cmTC_c797a.dir/link.txt --verbose=1
/usr/bin/c++       CMakeFiles/cmTC_c797a.dir/testCXXCompiler.cxx.o  -o cmTC_c797a 
make[1]: Leaving directory '/home/pi/datastructure/List/build/CMakeFiles/CMakeTmp'


Detecting CXX compiler ABI info compiled with the following output:
Change Dir: /home/pi/datastructure/List/build/CMakeFiles/CMakeTmp

Run Build Command:"/usr/bin/make" "cmTC_e5251/fast"
/usr/bin/make -f CMakeFiles/cmTC_e5251.dir/build.make CMakeFiles/cmTC_e5251.dir/build
make[1]: Entering directory '/home/pi/datastructure/List/build/CMakeFiles/CMakeTmp'
Building CXX object CMakeFiles/cmTC_e5251.dir/CMakeCXXCompilerABI.cpp.o
/usr/bin/c++     -o CMakeFiles/cmTC_e5251.dir/CMakeCXXCompilerABI.cpp.o -c /usr/share/cmake-3.13/Modules/CMakeCXXCompilerABI.cpp
Linking CXX executable cmTC_e5251
/usr/bin/cmake -E cmake_link_script CMakeFiles/cmTC_e5251.dir/link.txt --verbose=1
/usr/bin/c++       CMakeFiles/cmTC_e5251.dir/CMakeCXXCompilerABI.cpp.o  -o cmTC_e5251 
make[1]: Leaving directory '/home/pi/datastructure/List/build/CMakeFiles/CMakeTmp'


Determining if the include file pthread.h exists passed with the following output:
Change Dir: /home/pi/datastructure/List/build/CMakeFiles/CMakeTmp

Run Build Command:"/usr/bin/make" "cmTC_e3b8a/fast"
/usr/bin/make -f CMakeFiles/cmTC_e3b8a.dir/build.make CMakeFiles/cmTC_e3b8a.dir/build
make[1]: Entering directory '/home/pi/datastructure/List/build/CMakeFiles/CMakeTmp'
Building C object CMakeFiles/cmTC_e3b8a.dir/CheckIncludeFile.c.o
/usr/bin/c99-gcc    -o CMakeFiles/cmTC_e3b8a.dir/CheckIncludeFile.c.o   -c /home/pi/datastructure/List/build/CMakeFiles/CMakeTmp/CheckIncludeFile.c
Linking C executable cmTC_e3b8a
/usr/bin/cmake -E cmake_link_script CMakeFiles/cmTC_e3b8a.dir/link.txt --verbose=1
/usr/bin/c99-gcc      CMakeFiles/cmTC_e3b8a.dir/CheckIncludeFile.c.o  -o cmTC_e3b8a 
make[1]: Leaving directory '/home/pi/datastructure/List/build/CMakeFiles/CMakeTmp'


Determining if the function pthread_create exists in the pthread passed with the following output:
Change Dir: /home/pi/datastructure/List/build/CMakeFiles/CMakeTmp

Run Build Command:"/usr/bin/make" "cmTC_b7ab2/fast"
/usr/bin/make -f CMakeFiles/cmTC_b7ab2.dir/build.make CMakeFiles/cmTC_b7ab2.dir/build
make[1]: Entering directory '/home/pi/datastructure/List/build/CMakeFiles/CMakeTmp'
Building C object CMakeFiles/cmTC_b7ab2.dir/CheckFunctionExists.c.o
/usr/bin/c99-gcc   -DCHECK_FUNCTION_EXISTS=pthread_create   -o CMakeFiles/cmTC_b7ab2.dir/CheckFunctionExists.c.o   -c /usr/share/cmake-3.13/Modules/CheckFunctionExists.c
Linking C executable cmTC_b7ab2
/usr/bin/cmake -E cmake_link_script CMakeFiles/cmTC_b7ab2.dir/link.txt --verbose=1
/usr/bin/c99-gcc  -DCHECK_FUNCTION_EXISTS=pthread_create    CMakeFiles/cmTC_b7ab2.dir/CheckFunctionExists.c.o  -o cmTC_b7ab2 -lpthread 
make[1]: Leaving directory '/home/pi/datastructure/List/build/CMakeFiles/CMakeTmp'


